  Sprites.cpp
D:\Desktop\Towers\Towers\Sprites.cpp(15,56): warning C4244: 'argument': conversion from 'unsigned int' to 'T', possible loss of data
          with
          [
              T=float
          ]
D:\Desktop\Towers\Towers\Sprites.cpp(15,48): warning C4244: 'argument': conversion from 'unsigned int' to 'T', possible loss of data
          with
          [
              T=float
          ]
D:\Desktop\Towers\Towers\Sprites.cpp(16,30): warning C4244: 'argument': conversion from 'unsigned int' to 'float', possible loss of data
D:\Desktop\Towers\Towers\Sprites.cpp(16,26): warning C4244: 'argument': conversion from 'unsigned int' to 'float', possible loss of data
D:\Desktop\Towers\Towers\Sprites.cpp(41,56): warning C4244: 'argument': conversion from 'unsigned int' to 'T', possible loss of data
          with
          [
              T=float
          ]
D:\Desktop\Towers\Towers\Sprites.cpp(41,48): warning C4244: 'argument': conversion from 'unsigned int' to 'T', possible loss of data
          with
          [
              T=float
          ]
D:\Desktop\Towers\Towers\Sprites.cpp(43,30): warning C4244: 'argument': conversion from 'unsigned int' to 'float', possible loss of data
D:\Desktop\Towers\Towers\Sprites.cpp(43,26): warning C4244: 'argument': conversion from 'unsigned int' to 'float', possible loss of data
D:\Desktop\Towers\Towers\Sprites.cpp(61,56): warning C4244: 'argument': conversion from 'unsigned int' to 'T', possible loss of data
          with
          [
              T=float
          ]
D:\Desktop\Towers\Towers\Sprites.cpp(61,48): warning C4244: 'argument': conversion from 'unsigned int' to 'T', possible loss of data
          with
          [
              T=float
          ]
D:\Desktop\Towers\Towers\Sprites.cpp(63,30): warning C4244: 'argument': conversion from 'unsigned int' to 'float', possible loss of data
D:\Desktop\Towers\Towers\Sprites.cpp(63,26): warning C4244: 'argument': conversion from 'unsigned int' to 'float', possible loss of data
  TowerOfHanoi.cpp
  Towers.cpp
  Generating Code...
  Towers.vcxproj -> D:\Desktop\Towers\x64\Debug\Towers.exe
