  Towers.cpp
D:\Desktop\Towers\Towers\TowerOfHanoi.cpp(56,19): warning C4018: '<': signed/unsigned mismatch
D:\Desktop\Towers\Towers\TowerOfHanoi.cpp(53): message : while compiling class template member function 'T TowerOfHanoi<T>::getMaxFromVector(std::vector<T,std::allocator<T>>)'
          with
          [
              T=int
          ]
D:\Desktop\Towers\Towers\TowerOfHanoi.cpp(73): message : see reference to function template instantiation 'T TowerOfHanoi<T>::getMaxFromVector(std::vector<T,std::allocator<T>>)' being compiled
          with
          [
              T=int
          ]
D:\Desktop\Towers\Towers\TowerOfHanoi.cpp(246): message : while compiling class template member function 'void TowerOfHanoi<int>::peekPopPush(Stack<T> &,Stack<T> &)'
          with
          [
              T=int
          ]
D:\Desktop\Towers\Towers\TowerOfHanoi.cpp(261): message : see reference to function template instantiation 'void TowerOfHanoi<int>::peekPopPush(Stack<T> &,Stack<T> &)' being compiled
          with
          [
              T=int
          ]
D:\Desktop\Towers\Towers\TowerOfHanoi.cpp(79): message : while compiling class template member function 'void TowerOfHanoi<int>::printTowerOfHanoi(void)'
D:\Desktop\Towers\Towers\TowerOfHanoi.cpp(287): message : see reference to function template instantiation 'void TowerOfHanoi<int>::printTowerOfHanoi(void)' being compiled
D:\Desktop\Towers\Towers\TowerOfHanoi.cpp(219): message : while compiling class template member function 'void TowerOfHanoi<int>::randomizeInt(int,int,int)'
D:\Desktop\Towers\Towers\Towers.cpp(11): message : see reference to function template instantiation 'void TowerOfHanoi<int>::randomizeInt(int,int,int)' being compiled
D:\Desktop\Towers\Towers\Towers.cpp(10): message : see reference to class template instantiation 'TowerOfHanoi<int>' being compiled
  Towers.vcxproj -> D:\Desktop\Towers\Debug\Towers.exe
